<?xml version="1.0" encoding="utf-8"?><testsuites><testsuite name="pytest" errors="0" failures="0" skipped="0" tests="93" time="14.673" timestamp="2026-09-14T12:42:47.810721+10:00" hostname="localhost"><testcase classname="tests.test_dsp" name="test_processors_return_audio_without_mutating_input[denoise]" time="0.068" /><testcase classname="tests.test_dsp" name="test_processors_return_audio_without_mutating_input[restore]" time="0.046" /><testcase classname="tests.test_dsp" name="test_processors_return_audio_without_mutating_input[bass]" time="0.003" /><testcase classname="tests.test_dsp" name="test_processors_return_audio_without_mutating_input[declip]" time="0.003" /><testcase classname="tests.test_dsp" name="test_processors_return_audio_without_mutating_input[declick]" time="0.022" /><testcase classname="tests.test_dsp" name="test_processors_return_audio_without_mutating_input[dehum]" time="0.005" /><testcase classname="tests.test_dsp" name="test_processors_return_audio_without_mutating_input[dereverb]" time="0.042" /><testcase classname="tests.test_dsp" name="test_processors_return_audio_without_mutating_input[deess]" time="0.015" /><testcase classname="tests.test_dsp" name="test_processors_return_audio_without_mutating_input[spectral]" time="0.036" /><testcase classname="tests.test_dsp" name="test_processors_return_audio_without_mutating_input[pitch]" time="2.940" /><testcase classname="tests.test_dsp" name="test_processors_return_audio_without_mutating_input[autotune]" time="0.065" /><testcase classname="tests.test_dsp" name="test_processors_return_audio_without_mutating_input[formant]" time="0.044" /><testcase classname="tests.test_dsp" name="test_processors_return_audio_without_mutating_input[tempo]" time="0.028" /><testcase classname="tests.test_dsp" name="test_processors_return_audio_without_mutating_input[harmonize]" time="0.025" /><testcase classname="tests.test_dsp" name="test_processors_return_audio_without_mutating_input[eq]" time="0.003" /><testcase classname="tests.test_dsp" name="test_processors_return_audio_without_mutating_input[compressor]" time="0.003" /><testcase classname="tests.test_dsp" name="test_processors_return_audio_without_mutating_input[gate]" time="0.002" /><testcase classname="tests.test_dsp" name="test_processors_return_audio_without_mutating_input[reverb]" time="0.004" /><testcase classname="tests.test_dsp" name="test_processors_return_audio_without_mutating_input[delay]" time="0.002" /><testcase classname="tests.test_dsp" name="test_processors_return_audio_without_mutating_input[chorus]" time="0.003" /><testcase classname="tests.test_dsp" name="test_processors_return_audio_without_mutating_input[saturation]" time="0.002" /><testcase classname="tests.test_dsp" name="test_processors_return_audio_without_mutating_input[limiter]" time="0.003" /><testcase classname="tests.test_dsp" name="test_processors_return_audio_without_mutating_input[normalize]" time="0.002" /><testcase classname="tests.test_dsp" name="test_processors_return_audio_without_mutating_input[loudness]" time="0.007" /><testcase classname="tests.test_dsp" name="test_processors_return_audio_without_mutating_input[trim_silence]" time="0.002" /><testcase classname="tests.test_dsp" name="test_dehum_attenuates_50_and_harmonics_preserves_voice" time="0.019" /><testcase classname="tests.test_dsp" name="test_declick_reduces_impulse_error" time="0.019" /><testcase classname="tests.test_dsp" name="test_declip_reduces_clipped_sine_mse" time="0.200" /><testcase classname="tests.test_dsp" name="test_noise_reduction_improves_snr_on_gated_harmonics" time="0.125" /><testcase classname="tests.test_dsp" name="test_spectral_selected_frequency_and_time" time="0.067" /><testcase classname="tests.test_dsp" name="test_bass_increases_low_relative_to_mid" time="0.016" /><testcase classname="tests.test_dsp" name="test_eq_mid_adjustment" time="0.002" /><testcase classname="tests.test_dsp" name="test_compressor_reduces_dynamic_range" time="0.002" /><testcase classname="tests.test_dsp" name="test_gate_quiet_floor" time="0.003" /><testcase classname="tests.test_dsp" name="test_effects_audibly_alter_signal[reverb]" time="0.003" /><testcase classname="tests.test_dsp" name="test_effects_audibly_alter_signal[delay]" time="0.004" /><testcase classname="tests.test_dsp" name="test_effects_audibly_alter_signal[chorus]" time="0.003" /><testcase classname="tests.test_dsp" name="test_effects_audibly_alter_signal[saturation]" time="0.002" /><testcase classname="tests.test_dsp" name="test_limiter_ceiling_and_normalize" time="0.002" /><testcase classname="tests.test_dsp" name="test_pitch_shift_preserves_duration" time="0.037" /><testcase classname="tests.test_dsp" name="test_tempo_preserves_pitch" time="0.015" /><testcase classname="tests.test_dsp" name="test_harmony_adds_requested_interval" time="0.030" /><testcase classname="tests.test_dsp" name="test_silence_detection_and_shorten" time="0.003" /><testcase classname="tests.test_dsp" name="test_ducking_follows_reference" time="0.005" /><testcase classname="tests.test_dsp" name="test_pan_width_mono_and_phase" time="0.035" /><testcase classname="tests.test_dsp" name="test_rms_ab_matching" time="0.002" /><testcase classname="tests.test_dsp" name="test_alignment_known_delay" time="0.003" /><testcase classname="tests.test_dsp" name="test_issue_detection_positions" time="0.002" /><testcase classname="tests.test_dsp" name="test_invalid_effects_and_cancel" time="0.002" /><testcase classname="tests.test_dsp" name="test_loudness_normalization_and_channel_sum" time="0.010" /><testcase classname="tests.test_dsp" name="test_monophonic_correction_reduces_detuning" time="0.045" /><testcase classname="tests.test_dsp" name="test_formant_changes_envelope_preserves_fundamental" time="0.048" /><testcase classname="tests.test_dsp" name="test_deess_reduces_sibilant_band" time="0.011" /><testcase classname="tests.test_dsp" name="test_bpm_key_chords_on_synthetic_c_major" time="3.225" /><testcase classname="tests.test_gui" name="test_desktop_import_edit_preview_save_reopen_export" time="1.721" /><testcase classname="tests.test_gui" name="test_gui_thread_progress_cancellation_keeps_model" time="0.327" /><testcase classname="tests.test_gui" name="test_gui_spectrogram_and_direct_spectral_selection" time="0.632" /><testcase classname="tests.test_gui" name="test_gui_comping_and_copy_paste" time="0.347" /><testcase classname="tests.test_gui" name="test_gui_save_and_export_actions" time="1.513" /><testcase classname="tests.test_io_playback" name="test_audio_roundtrip[wav-16]" time="0.024" /><testcase classname="tests.test_io_playback" name="test_audio_roundtrip[wav-24]" time="0.018" /><testcase classname="tests.test_io_playback" name="test_audio_roundtrip[wav-32]" time="0.016" /><testcase classname="tests.test_io_playback" name="test_audio_roundtrip[flac-16]" time="0.019" /><testcase classname="tests.test_io_playback" name="test_audio_roundtrip[flac-24]" time="0.021" /><testcase classname="tests.test_io_playback" name="test_audio_roundtrip[mp3-24]" time="0.093" /><testcase classname="tests.test_io_playback" name="test_export_mono_and_rate" time="0.012" /><testcase classname="tests.test_io_playback" name="test_error_corrupt_format_and_nonfinite" time="0.002" /><testcase classname="tests.test_io_playback" name="test_export_refuses_overrange_and_collision" time="0.020" /><testcase classname="tests.test_io_playback" name="test_export_cancel_atomic" time="0.013" /><testcase classname="tests.test_io_playback" name="test_transport_eof_loop_and_mono" time="0.001" /><testcase classname="tests.test_io_playback" name="test_playback_buffer_not_modify_or_nan" time="0.002" /><testcase classname="tests.test_io_playback" name="test_ai_missing_and_plugin_invalid_file" time="0.001" /><testcase classname="tests.test_io_playback" name="test_scan_vst_bundles_and_fault_isolation" time="0.419" /><testcase classname="tests.test_project" name="test_edit_save_reopen_export_equivalent" time="0.161" /><testcase classname="tests.test_project" name="test_undo_redo_branch_and_assets_immutable" time="0.012" /><testcase classname="tests.test_project" name="test_recovery_after_unclean_exit_and_saved_history" time="0.009" /><testcase classname="tests.test_project" name="test_atomic_save_failure_keeps_previous_file" time="0.011" /><testcase classname="tests.test_project" name="test_cancelled_save_keeps_previous_file" time="0.007" /><testcase classname="tests.test_project" name="test_failed_autosave_rolls_back_model" time="0.006" /><testcase classname="tests.test_project" name="test_archive_path_validation[../outside.npy]" time="0.001" /><testcase classname="tests.test_project" name="test_archive_path_validation[/tmp/escape.npy]" time="0.001" /><testcase classname="tests.test_project" name="test_archive_path_validation[assets/../../../escape]" time="0.001" /><testcase classname="tests.test_project" name="test_archive_path_validation[assets/not-a-hash.npy]" time="0.001" /><testcase classname="tests.test_project" name="test_asset_tampering_detected" time="0.009" /><testcase classname="tests.test_project" name="test_invalid_state_rejected_without_edit" time="0.005" /><testcase classname="tests.test_project" name="test_solo_mute_pan_gain_automation" time="0.021" /><testcase classname="tests.test_project" name="test_fade_split_and_trim_samples" time="0.014" /><testcase classname="tests.test_project" name="test_render_range_equals_full_slice" time="0.037" /><testcase classname="tests.test_project" name="test_track_count_guard_and_automation_order" time="0.005" /><testcase classname="tests.test_project" name="test_render_resource_guard" time="0.005" /><testcase classname="tests.test_project" name="test_32_track_deterministic_sum" time="0.348" /><testcase classname="tests.test_project" name="test_recovery_after_process_abrupt_exit" time="0.287" /><testcase classname="tests.test_project" name="test_marker_structure_survives_roundtrip" time="0.010" /></testsuite></testsuites>